Blackboard/app/build/intermediates/manifest_merge_blame_file/release/manifest-merger-blame-release-report.txt
1<?xml version="1.0" encoding="utf-8"?>
2<manifest xmlns:android="http://schemas.android.com/apk/res/android"
3    package="com.bignerdranch.android.blackboard"
4    android:versionCode="1"
5    android:versionName="1.0" >
6
7    <uses-sdk
8        android:minSdkVersion="21"
8-->src\main\AndroidManifest.xml
9        android:targetSdkVersion="32" />
9-->src\main\AndroidManifest.xml
10
11    <uses-permission android:name="android.permission.INTERNET" />
11-->src\main\AndroidManifest.xml:5:5-67
11-->src\main\AndroidManifest.xml:5:22-64
12    <uses-permission android:name="android.permission.WRITE_EXTERNAL_STORAGE" />
12-->src\main\AndroidManifest.xml:6:5-81
12-->src\main\AndroidManifest.xml:6:22-78
13    <!-- 相机权限 -->
14    <uses-permission android:name="android.permission.CAMERA" />
14-->src\main\AndroidManifest.xml:8:5-64
14-->src\main\AndroidManifest.xml:8:22-62
15
16    <application
16-->src\main\AndroidManifest.xml:10:5-83:19
17        android:allowBackup="true"
17-->src\main\AndroidManifest.xml:11:9-35
18        android:appComponentFactory="androidx.core.app.CoreComponentFactory"
18-->[androidx.core:core:1.3.2] AndroidManifest.xml:24:18-86
19        android:icon="@mipmap/ic_launcher"
19-->src\main\AndroidManifest.xml:12:9-43
20        android:label="@string/app_name"
20-->src\main\AndroidManifest.xml:13:9-41
21        android:requestLegacyExternalStorage="true"
21-->src\main\AndroidManifest.xml:18:9-52
22        android:roundIcon="@mipmap/ic_launcher_round"
22-->src\main\AndroidManifest.xml:14:9-54
23        android:supportsRtl="true"
23-->src\main\AndroidManifest.xml:15:9-35
24        android:theme="@style/Theme.Blackboard"
24-->src\main\AndroidManifest.xml:16:9-48
25        android:usesCleartextTraffic="true" >
25-->src\main\AndroidManifest.xml:17:9-44
26        <activity
26-->src\main\AndroidManifest.xml:19:9-23:20
27            android:name="com.bignerdranch.android.blackboard.Bean.Organization.OrganizationActivity"
27-->src\main\AndroidManifest.xml:20:13-67
28            android:exported="true" >
28-->src\main\AndroidManifest.xml:21:13-36
29        </activity>
30        <activity
30-->src\main\AndroidManifest.xml:24:9-26:39
31            android:name="com.bignerdranch.android.blackboard.Blackboard.New.NewActivity"
31-->src\main\AndroidManifest.xml:25:13-55
32            android:exported="true" />
32-->src\main\AndroidManifest.xml:26:13-36
33        <activity
33-->src\main\AndroidManifest.xml:27:9-29:39
34            android:name="com.bignerdranch.android.blackboard.Blackboard.Search.SearchResultActivity"
34-->src\main\AndroidManifest.xml:28:13-67
35            android:exported="true" />
35-->src\main\AndroidManifest.xml:29:13-36
36        <activity
36-->src\main\AndroidManifest.xml:30:9-32:39
37            android:name="com.bignerdranch.android.blackboard.Settings.Change.InformationActivity"
37-->src\main\AndroidManifest.xml:31:13-64
38            android:exported="true" />
38-->src\main\AndroidManifest.xml:32:13-36
39        <activity
39-->src\main\AndroidManifest.xml:33:9-35:39
40            android:name="com.bignerdranch.android.blackboard.Settings.SettingsActivity"
40-->src\main\AndroidManifest.xml:34:13-54
41            android:exported="true" />
41-->src\main\AndroidManifest.xml:35:13-36
42        <activity
42-->src\main\AndroidManifest.xml:36:9-38:39
43            android:name="com.bignerdranch.android.blackboard.Mine.PageActivity"
43-->src\main\AndroidManifest.xml:37:13-46
44            android:exported="true" />
44-->src\main\AndroidManifest.xml:38:13-36
45        <activity
45-->src\main\AndroidManifest.xml:39:9-41:39
46            android:name="com.bignerdranch.android.blackboard.Settings.Login.RegisterActivity"
46-->src\main\AndroidManifest.xml:40:13-60
47            android:exported="true" />
47-->src\main\AndroidManifest.xml:41:13-36
48        <activity
48-->src\main\AndroidManifest.xml:42:9-44:39
49            android:name="com.bignerdranch.android.blackboard.Blackboard.New.AddActivity"
49-->src\main\AndroidManifest.xml:43:13-55
50            android:exported="true" />
50-->src\main\AndroidManifest.xml:44:13-36
51        <activity
51-->src\main\AndroidManifest.xml:45:9-47:39
52            android:name="com.bignerdranch.android.blackboard.Blackboard.Search.SearchActivity"
52-->src\main\AndroidManifest.xml:46:13-61
53            android:exported="true" />
53-->src\main\AndroidManifest.xml:47:13-36
54        <activity
54-->src\main\AndroidManifest.xml:48:9-57:20
55            android:name="com.bignerdranch.android.blackboard.Settings.Login.LoginActivity"
55-->src\main\AndroidManifest.xml:49:13-57
56            android:exported="true"
56-->src\main\AndroidManifest.xml:50:13-36
57            android:windowSoftInputMode="adjustPan" >
57-->src\main\AndroidManifest.xml:51:13-52
58            <intent-filter>
58-->src\main\AndroidManifest.xml:52:13-56:29
59                <action android:name="android.intent.action.MAIN" />
59-->src\main\AndroidManifest.xml:53:17-69
59-->src\main\AndroidManifest.xml:53:25-66
60
61                <category android:name="android.intent.category.LAUNCHER" />
61-->src\main\AndroidManifest.xml:55:17-77
61-->src\main\AndroidManifest.xml:55:27-74
62            </intent-filter>
63        </activity>
64        <activity
64-->src\main\AndroidManifest.xml:58:9-60:39
65            android:name="com.bignerdranch.android.blackboard.Mine.MineActivity"
65-->src\main\AndroidManifest.xml:59:13-46
66            android:exported="true" />
66-->src\main\AndroidManifest.xml:60:13-36
67        <activity
67-->src\main\AndroidManifest.xml:61:9-65:20
68            android:name="com.bignerdranch.android.blackboard.Blackboard.BoardActivity"
68-->src\main\AndroidManifest.xml:62:13-53
69            android:exported="true" >
69-->src\main\AndroidManifest.xml:63:13-36
70        </activity>
71
72        <provider
72-->src\main\AndroidManifest.xml:69:9-78:20
73            android:name="androidx.core.content.FileProvider"
73-->src\main\AndroidManifest.xml:71:13-62
74            android:authorities="com.bignerdranch.android.blackboard.fileprovider"
74-->src\main\AndroidManifest.xml:70:13-83
75            android:exported="false"
75-->src\main\AndroidManifest.xml:72:13-37
76            android:grantUriPermissions="true" >
76-->src\main\AndroidManifest.xml:73:13-47
77            <meta-data
77-->src\main\AndroidManifest.xml:75:13-77:49
78                android:name="android.support.FILE_PROVIDER_PATHS"
78-->src\main\AndroidManifest.xml:76:17-67
79                android:resource="@xml/files" />
79-->src\main\AndroidManifest.xml:77:17-46
80        </provider>
81    </application>
82
83</manifest>